<?xml version="1.0" encoding="UTF-8"?>
<!-- Generated by org.testng.reporters.JUnitReportReporter -->
<testsuite skipped="0" hostname="ip-172-31-11-193" name="test.ExcelRead" tests="1" failures="0" timestamp="2021-02-23T06:20:22 UTC" time="5.211" errors="0">
  <testcase name="testcase1" time="5.211" classname="test.ExcelRead"/>
  <system-out/>
</testsuite> <!-- test.ExcelRead -->
