<?xml version="1.0" encoding="UTF-8"?>
<!-- Generated by org.testng.reporters.JUnitReportReporter -->
<testsuite skipped="0" hostname="ip-172-31-11-193" name="test.CrossBrowser" tests="4" failures="0" timestamp="2021-02-23T04:09:13 UTC" time="25.619" errors="0">
  <testcase name="LaunchFirefox" time="4.645" classname="test.CrossBrowser"/>
  <system-out/>
  <testcase name="LaunchChrome" time="2.200" classname="test.CrossBrowser"/>
  <system-out/>
  <testcase name="testcase1" time="2.662" classname="test.CrossBrowser"/>
  <system-out/>
  <testcase name="testcase2" time="16.112" classname="test.CrossBrowser"/>
  <system-out/>
</testsuite> <!-- test.CrossBrowser -->
